Determining if the pthread_create exist failed with the following output:
Change Dir: /mnt/c/My/W/W.priv/Examples/OpenMPI_GoogleTests_Examples/cmake-build/CMakeFiles/CMakeTmp

Run Build Command:"/usr/bin/make" "cmTC_137a3/fast"
make[1]: Entering directory '/mnt/c/My/W/W.priv/Examples/OpenMPI_GoogleTests_Examples/cmake-build/CMakeFiles/CMakeTmp'
/usr/bin/make -f CMakeFiles/cmTC_137a3.dir/build.make CMakeFiles/cmTC_137a3.dir/build
make[2]: Entering directory '/mnt/c/My/W/W.priv/Examples/OpenMPI_GoogleTests_Examples/cmake-build/CMakeFiles/CMakeTmp'
Building C object CMakeFiles/cmTC_137a3.dir/CheckSymbolExists.c.o
/usr/bin/cc    -o CMakeFiles/cmTC_137a3.dir/CheckSymbolExists.c.o   -c /mnt/c/My/W/W.priv/Examples/OpenMPI_GoogleTests_Examples/cmake-build/CMakeFiles/CMakeTmp/CheckSymbolExists.c
Linking C executable cmTC_137a3
/mnt/c/My/W/W.priv/Shared/cmake-3.13.4-Linux-x86_64/bin/cmake -E cmake_link_script CMakeFiles/cmTC_137a3.dir/link.txt --verbose=1
/usr/bin/cc      -rdynamic CMakeFiles/cmTC_137a3.dir/CheckSymbolExists.c.o  -o cmTC_137a3 
CMakeFiles/cmTC_137a3.dir/CheckSymbolExists.c.o: In function `main':
CheckSymbolExists.c:(.text+0x16): undefined reference to `pthread_create'
collect2: error: ld returned 1 exit status
CMakeFiles/cmTC_137a3.dir/build.make:86: recipe for target 'cmTC_137a3' failed
make[2]: *** [cmTC_137a3] Error 1
make[2]: Leaving directory '/mnt/c/My/W/W.priv/Examples/OpenMPI_GoogleTests_Examples/cmake-build/CMakeFiles/CMakeTmp'
Makefile:121: recipe for target 'cmTC_137a3/fast' failed
make[1]: *** [cmTC_137a3/fast] Error 2
make[1]: Leaving directory '/mnt/c/My/W/W.priv/Examples/OpenMPI_GoogleTests_Examples/cmake-build/CMakeFiles/CMakeTmp'

File /mnt/c/My/W/W.priv/Examples/OpenMPI_GoogleTests_Examples/cmake-build/CMakeFiles/CMakeTmp/CheckSymbolExists.c:
/* */
#include <pthread.h>

int main(int argc, char** argv)
{
  (void)argv;
#ifndef pthread_create
  return ((int*)(&pthread_create))[argc];
#else
  (void)argc;
  return 0;
#endif
}

Determining if the function pthread_create exists in the pthreads failed with the following output:
Change Dir: /mnt/c/My/W/W.priv/Examples/OpenMPI_GoogleTests_Examples/cmake-build/CMakeFiles/CMakeTmp

Run Build Command:"/usr/bin/make" "cmTC_0d032/fast"
make[1]: Entering directory '/mnt/c/My/W/W.priv/Examples/OpenMPI_GoogleTests_Examples/cmake-build/CMakeFiles/CMakeTmp'
/usr/bin/make -f CMakeFiles/cmTC_0d032.dir/build.make CMakeFiles/cmTC_0d032.dir/build
make[2]: Entering directory '/mnt/c/My/W/W.priv/Examples/OpenMPI_GoogleTests_Examples/cmake-build/CMakeFiles/CMakeTmp'
Building C object CMakeFiles/cmTC_0d032.dir/CheckFunctionExists.c.o
/usr/bin/cc   -DCHECK_FUNCTION_EXISTS=pthread_create   -o CMakeFiles/cmTC_0d032.dir/CheckFunctionExists.c.o   -c /mnt/c/My/W/W.priv/Shared/cmake-3.13.4-Linux-x86_64/share/cmake-3.13/Modules/CheckFunctionExists.c
Linking C executable cmTC_0d032
/mnt/c/My/W/W.priv/Shared/cmake-3.13.4-Linux-x86_64/bin/cmake -E cmake_link_script CMakeFiles/cmTC_0d032.dir/link.txt --verbose=1
/usr/bin/cc  -DCHECK_FUNCTION_EXISTS=pthread_create    -rdynamic CMakeFiles/cmTC_0d032.dir/CheckFunctionExists.c.o  -o cmTC_0d032 -lpthreads 
/usr/bin/ld: cannot find -lpthreads
collect2: error: ld returned 1 exit status
CMakeFiles/cmTC_0d032.dir/build.make:86: recipe for target 'cmTC_0d032' failed
make[2]: *** [cmTC_0d032] Error 1
make[2]: Leaving directory '/mnt/c/My/W/W.priv/Examples/OpenMPI_GoogleTests_Examples/cmake-build/CMakeFiles/CMakeTmp'
Makefile:121: recipe for target 'cmTC_0d032/fast' failed
make[1]: *** [cmTC_0d032/fast] Error 2
make[1]: Leaving directory '/mnt/c/My/W/W.priv/Examples/OpenMPI_GoogleTests_Examples/cmake-build/CMakeFiles/CMakeTmp'


